  menu.cpp
  [EDD]Proyecto1-201404334.vcxproj -> D:\Trabajos\U\USAC\Cursos\Escuela de vacaciones\2019\Diciembre\EDD\EDD_DIC_2019_PY1_201404334\Music++\Debug\[EDD]Proyecto1-201404334.exe
  Set-Content : No se puede encontrar una parte de la ruta de acceso 
  'C:\Windows\SysWOW64\WindowsPowerShell\v1.0\Debug\vcpkg.applocal.log'.
  En C:\users\argue\onedrive\documents\vcpkg-master\scripts\buildsystems\msbuild\applocal.ps1: 12 Carácter: 5
  +     Set-Content -Path $copiedFilesLog -Value "" -Encoding UTF8
  +     ~~~~~~~~~~~~~~~~~~~~~~~~~~~~~~~~~~~~~~~~~~~~~~~~~~~~~~~~~~
      + CategoryInfo          : ObjectNotFound: (C:\Windows\SysW...kg.applocal.log:String) [Set-Content], DirectoryNotFo 
     undException
      + FullyQualifiedErrorId : GetContentWriterDirectoryNotFoundError,Microsoft.PowerShell.Commands.SetContentCommand
   
  Split-Path : No se puede enlazar el argumento al parámetro 'Path' porque es nulo.
  En C:\users\argue\onedrive\documents\vcpkg-master\scripts\buildsystems\msbuild\applocal.ps1: 40 Carácter: 39
  +     $baseTargetBinaryDir = Split-Path $baseBinaryPath -parent
  +                                       ~~~~~~~~~~~~~~~
      + CategoryInfo          : InvalidData: (:) [Split-Path], ParameterBindingValidationException
      + FullyQualifiedErrorId : ParameterArgumentValidationErrorNullNotAllowed,Microsoft.PowerShell.Commands.SplitPathCo 
     mmand
   
  Split-Path : No se puede enlazar el argumento al parámetro 'Path' porque es nulo.
  En C:\users\argue\onedrive\documents\vcpkg-master\scripts\buildsystems\msbuild\applocal.ps1: 58 Carácter: 35
  +     $targetBinaryDir = Split-Path $targetBinaryPath -parent
  +                                   ~~~~~~~~~~~~~~~~~
      + CategoryInfo          : InvalidData: (:) [Split-Path], ParameterBindingValidationException
      + FullyQualifiedErrorId : ParameterArgumentValidationErrorNullNotAllowed,Microsoft.PowerShell.Commands.SplitPathCo 
     mmand
   
